<?xml version="1.0" encoding="UTF-8"?>
<testng-results ignored="0" total="2" passed="2" failed="0" skipped="0">
  <reporter-output>
  </reporter-output>
  <suite started-at="2023-08-16T17:42:47 IST" name="Default suite" finished-at="2023-08-16T17:43:11 IST" duration-ms="24622">
    <groups>
    </groups>
    <test started-at="2023-08-16T17:42:47 IST" name="Default test" finished-at="2023-08-16T17:43:11 IST" duration-ms="24622">
      <class name="ReportSchedular.RSTestsuite">
        <test-method is-config="true" signature="launchURL()[pri:0, instance:ReportSchedular.RSTestsuite@71a8adcf]" started-at="2023-08-16T17:42:11 IST" name="launchURL" finished-at="2023-08-16T17:42:47 IST" duration-ms="35176" status="PASS">
          <reporter-output>
          </reporter-output>
        </test-method> <!-- launchURL -->
        <test-method signature="testCase1()[pri:0, instance:ReportSchedular.RSTestsuite@71a8adcf]" started-at="2023-08-16T17:42:47 IST" name="testCase1" finished-at="2023-08-16T17:42:54 IST" duration-ms="7122" status="PASS">
          <reporter-output>
          </reporter-output>
        </test-method> <!-- testCase1 -->
        <test-method signature="testcase2()[pri:0, instance:ReportSchedular.RSTestsuite@71a8adcf]" started-at="2023-08-16T17:42:54 IST" name="testcase2" finished-at="2023-08-16T17:43:11 IST" duration-ms="17462" status="PASS">
          <reporter-output>
          </reporter-output>
        </test-method> <!-- testcase2 -->
      </class> <!-- ReportSchedular.RSTestsuite -->
    </test> <!-- Default test -->
  </suite> <!-- Default suite -->
</testng-results>
